[1006/063729.808:ERROR:process_info.cc(359)] UncheckedAllocate
[1006/110034.131:ERROR:process_info.cc(359)] UncheckedAllocate
[1006/110056.754:ERROR:filesystem_win.cc(148)] DeleteFile C:\Users\Udo\AppData\Local\Google\Chrome\User Data\Crashpad\reports\f298d957-fb75-4bae-b4a0-bd66e5508b58.dmp: The process cannot access the file because it is being used by another process. (0x20)
[1006/110056.834:ERROR:process_info.cc(359)] UncheckedAllocate
[1006/110056.874:ERROR:process_info.cc(359)] UncheckedAllocate
[1006/204405.928:ERROR:process_info.cc(359)] UncheckedAllocate
[1006/210628.250:ERROR:process_info.cc(359)] UncheckedAllocate
[1009/211647.587:ERROR:filesystem_win.cc(129)] GetFileAttributes C:\Users\Udo\AppData\Local\Google\Chrome\User Data\Crashpad\attachments\0757655f-7ceb-44f3-bbe0-8d44f34f7f1c: The system cannot find the path specified. (0x3)
[1009/211647.603:ERROR:filesystem_win.cc(129)] GetFileAttributes C:\Users\Udo\AppData\Local\Google\Chrome\User Data\Crashpad\attachments\1b91ea2f-815f-4d34-997a-e6798915514f: The system cannot find the path specified. (0x3)
[1009/211647.659:ERROR:filesystem_win.cc(129)] GetFileAttributes C:\Users\Udo\AppData\Local\Google\Chrome\User Data\Crashpad\attachments\4abcb1c2-c2cb-49b6-b811-cd8e04618141: The system cannot find the path specified. (0x3)
[1009/211647.667:ERROR:filesystem_win.cc(129)] GetFileAttributes C:\Users\Udo\AppData\Local\Google\Chrome\User Data\Crashpad\attachments\4e8e9c68-5353-4d47-946c-c8ed99d01c58: The system cannot find the path specified. (0x3)
[1009/211647.683:ERROR:filesystem_win.cc(129)] GetFileAttributes C:\Users\Udo\AppData\Local\Google\Chrome\User Data\Crashpad\attachments\79c46fa4-fc2b-4a0e-ab5a-e06d2af5b7b5: The system cannot find the path specified. (0x3)
[1009/211647.699:ERROR:filesystem_win.cc(129)] GetFileAttributes C:\Users\Udo\AppData\Local\Google\Chrome\User Data\Crashpad\attachments\7c294cb9-ad7e-4111-bb0a-8c63c7a9d5c6: The system cannot find the path specified. (0x3)
[1009/211647.699:ERROR:filesystem_win.cc(129)] GetFileAttributes C:\Users\Udo\AppData\Local\Google\Chrome\User Data\Crashpad\attachments\93b9a234-34b3-4099-afc8-6be2ea8435a4: The system cannot find the path specified. (0x3)
[1009/211647.714:ERROR:filesystem_win.cc(129)] GetFileAttributes C:\Users\Udo\AppData\Local\Google\Chrome\User Data\Crashpad\attachments\98194f95-18b8-4a4f-bede-621ae0d01198: The system cannot find the path specified. (0x3)
[1009/211647.730:ERROR:filesystem_win.cc(129)] GetFileAttributes C:\Users\Udo\AppData\Local\Google\Chrome\User Data\Crashpad\attachments\afe60f2e-5db8-4acd-93e7-845f79bd510f: The system cannot find the path specified. (0x3)
[1009/211647.745:ERROR:filesystem_win.cc(129)] GetFileAttributes C:\Users\Udo\AppData\Local\Google\Chrome\User Data\Crashpad\attachments\d4755402-9c82-4349-9d3e-3f4da19e9c08: The system cannot find the path specified. (0x3)
[1009/211647.745:ERROR:filesystem_win.cc(129)] GetFileAttributes C:\Users\Udo\AppData\Local\Google\Chrome\User Data\Crashpad\attachments\dde23325-1ee4-4ab2-966a-7addf0d9379c: The system cannot find the path specified. (0x3)
[1009/211647.761:ERROR:filesystem_win.cc(129)] GetFileAttributes C:\Users\Udo\AppData\Local\Google\Chrome\User Data\Crashpad\attachments\f298d957-fb75-4bae-b4a0-bd66e5508b58: The system cannot find the path specified. (0x3)
[1009/211647.777:ERROR:filesystem_win.cc(129)] GetFileAttributes C:\Users\Udo\AppData\Local\Google\Chrome\User Data\Crashpad\attachments\f8dbc408-fa0c-4800-b91d-6641e1fdc971: The system cannot find the path specified. (0x3)
[1009/211647.792:ERROR:directory_reader_win.cc(43)] FindFirstFile: The system cannot find the path specified. (0x3)
[1010/063949.713:ERROR:directory_reader_win.cc(43)] FindFirstFile: The system cannot find the path specified. (0x3)
[1010/194530.800:ERROR:directory_reader_win.cc(43)] FindFirstFile: The system cannot find the path specified. (0x3)
[1011/194412.682:ERROR:directory_reader_win.cc(43)] FindFirstFile: The system cannot find the path specified. (0x3)
[1011/202755.934:ERROR:directory_reader_win.cc(43)] FindFirstFile: The system cannot find the path specified. (0x3)
[1011/222022.036:ERROR:directory_reader_win.cc(43)] FindFirstFile: The system cannot find the path specified. (0x3)
[1012/195444.042:ERROR:directory_reader_win.cc(43)] FindFirstFile: The system cannot find the path specified. (0x3)
[1014/090643.531:ERROR:directory_reader_win.cc(43)] FindFirstFile: The system cannot find the path specified. (0x3)
[1015/092732.902:ERROR:directory_reader_win.cc(43)] FindFirstFile: The system cannot find the path specified. (0x3)
[1018/142236.453:ERROR:directory_reader_win.cc(43)] FindFirstFile: The system cannot find the path specified. (0x3)
[1020/083714.370:ERROR:directory_reader_win.cc(43)] FindFirstFile: The system cannot find the path specified. (0x3)
[1020/102651.049:ERROR:directory_reader_win.cc(43)] FindFirstFile: The system cannot find the path specified. (0x3)
[1022/124708.305:ERROR:directory_reader_win.cc(43)] FindFirstFile: The system cannot find the path specified. (0x3)
[1022/141924.734:ERROR:directory_reader_win.cc(43)] FindFirstFile: The system cannot find the path specified. (0x3)
[1023/103647.641:ERROR:directory_reader_win.cc(43)] FindFirstFile: The system cannot find the path specified. (0x3)
